CRITICAL - 2025-10-02 03:54:45 --> Error: Call to undefined function App\Controllers\save()
[Method: POST, Route: registrasi]
in APPPATH\Controllers\RegistrasiController.php on line 20.
 1 SYSTEMPATH\CodeIgniter.php(933): App\Controllers\RegistrasiController->registrasi()
 2 SYSTEMPATH\CodeIgniter.php(507): CodeIgniter\CodeIgniter->runController(Object(App\Controllers\RegistrasiController))
 3 SYSTEMPATH\CodeIgniter.php(354): CodeIgniter\CodeIgniter->handleRequest(null, Object(Config\Cache), false)
 4 SYSTEMPATH\Boot.php(363): CodeIgniter\CodeIgniter->run()
 5 SYSTEMPATH\Boot.php(68): CodeIgniter\Boot::runCodeIgniter(Object(CodeIgniter\CodeIgniter))
 6 FCPATH\index.php(59): CodeIgniter\Boot::bootWeb(Object(Config\Paths))
CRITICAL - 2025-10-02 03:55:04 --> Error: Call to undefined function App\Controllers\save()
[Method: POST, Route: registrasi]
in APPPATH\Controllers\RegistrasiController.php on line 20.
 1 SYSTEMPATH\CodeIgniter.php(933): App\Controllers\RegistrasiController->registrasi()
 2 SYSTEMPATH\CodeIgniter.php(507): CodeIgniter\CodeIgniter->runController(Object(App\Controllers\RegistrasiController))
 3 SYSTEMPATH\CodeIgniter.php(354): CodeIgniter\CodeIgniter->handleRequest(null, Object(Config\Cache), false)
 4 SYSTEMPATH\Boot.php(363): CodeIgniter\CodeIgniter->run()
 5 SYSTEMPATH\Boot.php(68): CodeIgniter\Boot::runCodeIgniter(Object(CodeIgniter\CodeIgniter))
 6 FCPATH\index.php(59): CodeIgniter\Boot::bootWeb(Object(Config\Paths))
CRITICAL - 2025-10-02 03:55:06 --> Error: Call to undefined function App\Controllers\save()
[Method: POST, Route: registrasi]
in APPPATH\Controllers\RegistrasiController.php on line 20.
 1 SYSTEMPATH\CodeIgniter.php(933): App\Controllers\RegistrasiController->registrasi()
 2 SYSTEMPATH\CodeIgniter.php(507): CodeIgniter\CodeIgniter->runController(Object(App\Controllers\RegistrasiController))
 3 SYSTEMPATH\CodeIgniter.php(354): CodeIgniter\CodeIgniter->handleRequest(null, Object(Config\Cache), false)
 4 SYSTEMPATH\Boot.php(363): CodeIgniter\CodeIgniter->run()
 5 SYSTEMPATH\Boot.php(68): CodeIgniter\Boot::runCodeIgniter(Object(CodeIgniter\CodeIgniter))
 6 FCPATH\index.php(59): CodeIgniter\Boot::bootWeb(Object(Config\Paths))
CRITICAL - 2025-10-02 03:55:08 --> Error: Call to undefined function App\Controllers\save()
[Method: POST, Route: registrasi]
in APPPATH\Controllers\RegistrasiController.php on line 20.
 1 SYSTEMPATH\CodeIgniter.php(933): App\Controllers\RegistrasiController->registrasi()
 2 SYSTEMPATH\CodeIgniter.php(507): CodeIgniter\CodeIgniter->runController(Object(App\Controllers\RegistrasiController))
 3 SYSTEMPATH\CodeIgniter.php(354): CodeIgniter\CodeIgniter->handleRequest(null, Object(Config\Cache), false)
 4 SYSTEMPATH\Boot.php(363): CodeIgniter\CodeIgniter->run()
 5 SYSTEMPATH\Boot.php(68): CodeIgniter\Boot::runCodeIgniter(Object(CodeIgniter\CodeIgniter))
 6 FCPATH\index.php(59): CodeIgniter\Boot::bootWeb(Object(Config\Paths))
CRITICAL - 2025-10-02 03:55:09 --> Error: Call to undefined function App\Controllers\save()
[Method: POST, Route: registrasi]
in APPPATH\Controllers\RegistrasiController.php on line 20.
 1 SYSTEMPATH\CodeIgniter.php(933): App\Controllers\RegistrasiController->registrasi()
 2 SYSTEMPATH\CodeIgniter.php(507): CodeIgniter\CodeIgniter->runController(Object(App\Controllers\RegistrasiController))
 3 SYSTEMPATH\CodeIgniter.php(354): CodeIgniter\CodeIgniter->handleRequest(null, Object(Config\Cache), false)
 4 SYSTEMPATH\Boot.php(363): CodeIgniter\CodeIgniter->run()
 5 SYSTEMPATH\Boot.php(68): CodeIgniter\Boot::runCodeIgniter(Object(CodeIgniter\CodeIgniter))
 6 FCPATH\index.php(59): CodeIgniter\Boot::bootWeb(Object(Config\Paths))
CRITICAL - 2025-10-02 03:58:14 --> Error: Call to undefined function App\Controllers\save()
[Method: POST, Route: registrasi]
in APPPATH\Controllers\RegistrasiController.php on line 20.
 1 SYSTEMPATH\CodeIgniter.php(933): App\Controllers\RegistrasiController->registrasi()
 2 SYSTEMPATH\CodeIgniter.php(507): CodeIgniter\CodeIgniter->runController(Object(App\Controllers\RegistrasiController))
 3 SYSTEMPATH\CodeIgniter.php(354): CodeIgniter\CodeIgniter->handleRequest(null, Object(Config\Cache), false)
 4 SYSTEMPATH\Boot.php(363): CodeIgniter\CodeIgniter->run()
 5 SYSTEMPATH\Boot.php(68): CodeIgniter\Boot::runCodeIgniter(Object(CodeIgniter\CodeIgniter))
 6 FCPATH\index.php(59): CodeIgniter\Boot::bootWeb(Object(Config\Paths))
CRITICAL - 2025-10-02 04:00:42 --> Error: Call to undefined function App\Controllers\save()
[Method: POST, Route: registrasi]
in APPPATH\Controllers\RegistrasiController.php on line 20.
 1 SYSTEMPATH\CodeIgniter.php(933): App\Controllers\RegistrasiController->registrasi()
 2 SYSTEMPATH\CodeIgniter.php(507): CodeIgniter\CodeIgniter->runController(Object(App\Controllers\RegistrasiController))
 3 SYSTEMPATH\CodeIgniter.php(354): CodeIgniter\CodeIgniter->handleRequest(null, Object(Config\Cache), false)
 4 SYSTEMPATH\Boot.php(363): CodeIgniter\CodeIgniter->run()
 5 SYSTEMPATH\Boot.php(68): CodeIgniter\Boot::runCodeIgniter(Object(CodeIgniter\CodeIgniter))
 6 FCPATH\index.php(59): CodeIgniter\Boot::bootWeb(Object(Config\Paths))
CRITICAL - 2025-10-02 04:07:44 --> Error: Call to undefined function App\Controllers\save()
[Method: POST, Route: registrasi]
in APPPATH\Controllers\RegistrasiController.php on line 20.
 1 SYSTEMPATH\CodeIgniter.php(933): App\Controllers\RegistrasiController->registrasi()
 2 SYSTEMPATH\CodeIgniter.php(507): CodeIgniter\CodeIgniter->runController(Object(App\Controllers\RegistrasiController))
 3 SYSTEMPATH\CodeIgniter.php(354): CodeIgniter\CodeIgniter->handleRequest(null, Object(Config\Cache), false)
 4 SYSTEMPATH\Boot.php(363): CodeIgniter\CodeIgniter->run()
 5 SYSTEMPATH\Boot.php(68): CodeIgniter\Boot::runCodeIgniter(Object(CodeIgniter\CodeIgniter))
 6 FCPATH\index.php(59): CodeIgniter\Boot::bootWeb(Object(Config\Paths))
CRITICAL - 2025-10-02 04:07:48 --> Error: Call to undefined function App\Controllers\save()
[Method: POST, Route: registrasi]
in APPPATH\Controllers\RegistrasiController.php on line 20.
 1 SYSTEMPATH\CodeIgniter.php(933): App\Controllers\RegistrasiController->registrasi()
 2 SYSTEMPATH\CodeIgniter.php(507): CodeIgniter\CodeIgniter->runController(Object(App\Controllers\RegistrasiController))
 3 SYSTEMPATH\CodeIgniter.php(354): CodeIgniter\CodeIgniter->handleRequest(null, Object(Config\Cache), false)
 4 SYSTEMPATH\Boot.php(363): CodeIgniter\CodeIgniter->run()
 5 SYSTEMPATH\Boot.php(68): CodeIgniter\Boot::runCodeIgniter(Object(CodeIgniter\CodeIgniter))
 6 FCPATH\index.php(59): CodeIgniter\Boot::bootWeb(Object(Config\Paths))
CRITICAL - 2025-10-02 04:08:52 --> Error: Call to undefined function App\Controllers\save()
[Method: POST, Route: registrasi]
in APPPATH\Controllers\RegistrasiController.php on line 20.
 1 SYSTEMPATH\CodeIgniter.php(933): App\Controllers\RegistrasiController->registrasi()
 2 SYSTEMPATH\CodeIgniter.php(507): CodeIgniter\CodeIgniter->runController(Object(App\Controllers\RegistrasiController))
 3 SYSTEMPATH\CodeIgniter.php(354): CodeIgniter\CodeIgniter->handleRequest(null, Object(Config\Cache), false)
 4 SYSTEMPATH\Boot.php(363): CodeIgniter\CodeIgniter->run()
 5 SYSTEMPATH\Boot.php(68): CodeIgniter\Boot::runCodeIgniter(Object(CodeIgniter\CodeIgniter))
 6 FCPATH\index.php(59): CodeIgniter\Boot::bootWeb(Object(Config\Paths))
CRITICAL - 2025-10-02 04:11:04 --> Error: Call to undefined function App\Controllers\save()
[Method: POST, Route: registrasi]
in APPPATH\Controllers\RegistrasiController.php on line 20.
 1 SYSTEMPATH\CodeIgniter.php(933): App\Controllers\RegistrasiController->registrasi()
 2 SYSTEMPATH\CodeIgniter.php(507): CodeIgniter\CodeIgniter->runController(Object(App\Controllers\RegistrasiController))
 3 SYSTEMPATH\CodeIgniter.php(354): CodeIgniter\CodeIgniter->handleRequest(null, Object(Config\Cache), false)
 4 SYSTEMPATH\Boot.php(363): CodeIgniter\CodeIgniter->run()
 5 SYSTEMPATH\Boot.php(68): CodeIgniter\Boot::runCodeIgniter(Object(CodeIgniter\CodeIgniter))
 6 FCPATH\index.php(59): CodeIgniter\Boot::bootWeb(Object(Config\Paths))
CRITICAL - 2025-10-02 04:13:59 --> Error: Call to undefined function App\Controllers\save()
[Method: POST, Route: registrasi]
in APPPATH\Controllers\RegistrasiController.php on line 20.
 1 SYSTEMPATH\CodeIgniter.php(933): App\Controllers\RegistrasiController->registrasi()
 2 SYSTEMPATH\CodeIgniter.php(507): CodeIgniter\CodeIgniter->runController(Object(App\Controllers\RegistrasiController))
 3 SYSTEMPATH\CodeIgniter.php(354): CodeIgniter\CodeIgniter->handleRequest(null, Object(Config\Cache), false)
 4 SYSTEMPATH\Boot.php(363): CodeIgniter\CodeIgniter->run()
 5 SYSTEMPATH\Boot.php(68): CodeIgniter\Boot::runCodeIgniter(Object(CodeIgniter\CodeIgniter))
 6 FCPATH\index.php(59): CodeIgniter\Boot::bootWeb(Object(Config\Paths))
